build/app/outputs/mapping/release/seeds.txt
com.guibson.pixpay.MainActivity: MainActivity()
com.guibson.pixpay.MainActivity
...
com.google.android.gms.ads.internal.util.WorkManagerUtil: boolean zze(com.google.android.gms.dynamic.IObjectWrapper,java.lang.String,java.lang.String)
com.google.ads.mediation.AbstractAdViewAdapter: void onResume()
com.google.android.gms.internal.ads.zzwx: com.google.android.gms.internal.ads.zzwx[] values()
com.google.android.gms.internal.ads.zzeeh$zzk: java.lang.Thread thread
io.flutter.embedding.engine.FlutterJNI: void attachToNative(boolean)
com.google.android.gms.internal.ads.zzdc: long zzq
com.google.android.gms.internal.ads.zzym: android.os.Parcelable$Creator CREATOR
io.flutter.embedding.android.FlutterSplashView$SavedState: java.lang.String previousCompletedSplashIsolate
com.google.android.gms.internal.ads.zzwt
com.google.android.gms.internal.ads.zzewk: com.google.android.gms.internal.ads.zzewk[] values()
com.google.android.gms.internal.ads.zzdc: java.lang.String zzaE
com.google.android.gms.dynamite.descriptors.com.google.android.gms.ads.dynamite.ModuleDescriptor: int MODULE_VERSION
com.google.android.gms.internal.ads.zzeli: com.google.android.gms.internal.ads.zzesf zzf
io.flutter.plugin.platform.SingleViewPresentation: SingleViewPresentation(android.content.Context,android.view.Display,io.flutter.plugin.platform.AccessibilityEventsDelegate,io.flutter.plugin.platform.SingleViewPresentation$PresentationState,android.view.View$OnFocusChangeListener,boolean)
com.google.android.gms.internal.ads.zzkp: android.os.Parcelable$Creator CREATOR
com.google.ads.mediation.AbstractAdViewAdapter: AbstractAdViewAdapter()
com.google.android.gms.internal.ads.zzwa
com.google.android.gms.internal.ads.zzts: android.os.Parcelable$Creator CREATOR
com.google.android.gms.internal.ads.zzenn: com.google.android.gms.internal.ads.zzesf zzf
com.google.android.gms.internal.ads.zzbgu
com.google.android.gms.internal.ads.zzepc
com.google.android.gms.ads.mediation.Adapter: void loadInterstitialAd(com.google.android.gms.ads.mediation.MediationInterstitialAdConfiguration,com.google.android.gms.ads.mediation.MediationAdLoadCallback)
io.flutter.embedding.engine.FlutterJNI: void setLocalizationPlugin(io.flutter.plugin.localization.LocalizationPlugin)
com.google.android.gms.internal.ads.zzyd: com.google.android.gms.internal.ads.zzyd zzh
com.google.android.gms.ads.internal.offline.buffering.OfflinePingSender: OfflinePingSender(android.content.Context,androidx.work.WorkerParameters)
io.flutter.embedding.engine.systemchannels.PlatformChannel$SoundType: io.flutter.embedding.engine.systemchannels.PlatformChannel$SoundType valueOf(java.lang.String)
com.google.android.gms.internal.ads.zzeol: com.google.android.gms.internal.ads.zzeol zzf
com.google.android.gms.internal.ads.zzenk: com.google.android.gms.internal.ads.zzenk[] values()
com.google.android.gms.internal.ads.zzhv: java.lang.String zzf
com.google.android.gms.internal.ads.zzexq: boolean zzg
com.google.ads.mediation.AbstractAdViewAdapter: void onImmersiveModeUpdated(boolean)
com.google.android.gms.internal.ads.zzvy: com.google.android.gms.internal.ads.zzvy[] values()
io.flutter.embedding.engine.FlutterJNI: void prefetchDefaultFontManager()
com.google.android.gms.internal.ads.zzeng: int zze
com.google.ads.mediation.MediationBannerAdapter
io.flutter.embedding.android.FlutterSplashView$SavedState: android.os.Parcelable$Creator CREATOR
com.google.ads.mediation.customevent.CustomEventAdapter: void requestInterstitialAd(com.google.ads.mediation.MediationInterstitialListener,android.app.Activity,com.google.ads.mediation.customevent.CustomEventServerParameters,com.google.ads.mediation.MediationAdRequest,com.google.android.gms.ads.mediation.customevent.CustomEventExtras)
com.google.android.gms.internal.ads.zzawa: android.os.Parcelable$Creator CREATOR
com.google.android.gms.internal.ads.zzewt: com.google.android.gms.internal.ads.zzesf zze
com.google.android.gms.internal.ads.zzdc: java.lang.String zzI
com.google.android.gms.internal.ads.zzekt: com.google.android.gms.internal.ads.zzekz zze