build/app/outputs/mapping/release/mapping.txt
# compiler: R8
# compiler_version: 2.1.62
# min_api: 19
# pg_map_id: 0c36fee
# common_typos_disable
...
com.google.android.gms.internal.ads.zzdsb -> com.google.android.gms.internal.ads.ro1:
    com.google.android.gms.internal.ads.zzym zza(java.lang.Throwable) -> a
    com.google.android.gms.internal.ads.zzym zzb(java.lang.Throwable,com.google.android.gms.internal.ads.zzcwb) -> b
    com.google.android.gms.internal.ads.zzym zzc(int,com.google.android.gms.internal.ads.zzym) -> c
    com.google.android.gms.internal.ads.zzym zzd(int,java.lang.String,com.google.android.gms.internal.ads.zzym) -> d
com.google.android.gms.internal.ads.zzdsc -> com.google.android.gms.internal.ads.so1:
com.google.android.gms.internal.ads.zzdsd -> com.google.android.gms.internal.ads.to1:
    java.lang.Object zzb() -> a
com.google.android.gms.internal.ads.zzdse -> com.google.android.gms.internal.ads.uo1:
com.google.android.gms.internal.ads.zzdsf -> com.google.android.gms.internal.ads.vo1:
    com.google.android.gms.internal.ads.zzeyw zzb -> a
    java.lang.Object zzb() -> a
com.google.android.gms.internal.ads.zzdsg -> com.google.android.gms.internal.ads.wo1:
    android.content.Context zzb -> b
    java.util.HashSet zza -> a
    com.google.android.gms.internal.ads.zzbaz zzc -> c
    void zzbC(com.google.android.gms.internal.ads.zzym) -> Z
    void zzb(java.util.HashSet) -> a
    android.os.Bundle zzc() -> b
com.google.android.gms.internal.ads.zzdsh -> com.google.android.gms.internal.ads.xo1:
    com.google.android.gms.internal.ads.zzeyw zza -> a
    com.google.android.gms.internal.ads.zzeyw zzb -> b
    java.lang.Object zzb() -> a
com.google.android.gms.internal.ads.zzdsi -> com.google.android.gms.internal.ads.yo1:
com.google.android.gms.internal.ads.zzdsj -> com.google.android.gms.internal.ads.zo1:
    com.google.android.gms.internal.ads.zzeyw zzb -> a
    java.lang.Object zzb() -> a
    com.google.android.gms.ads.internal.util.zzg zza() -> b
com.google.android.gms.internal.ads.zzdsk -> com.google.android.gms.internal.ads.ap1:
    com.google.android.gms.internal.ads.zzeyw zzb -> a
    java.lang.Object zzb() -> a
    android.content.Context zza() -> b
com.google.android.gms.internal.ads.zzdsl -> com.google.android.gms.internal.ads.bp1:
    com.google.android.gms.internal.ads.zzeyw zzb -> a
    java.lang.Object zzb() -> a
    com.google.android.gms.internal.ads.zzbaz zza() -> b
com.google.android.gms.internal.ads.zzdsm -> com.google.android.gms.internal.ads.cp1:
com.google.android.gms.internal.ads.zzdsn -> com.google.android.gms.internal.ads.dp1:
    com.google.android.gms.internal.ads.zzdsm zza -> a
    void zza(com.google.android.gms.internal.ads.zzdsm) -> a
    void zzb() -> b
com.google.android.gms.internal.ads.zzdso -> com.google.android.gms.internal.ads.ep1:
    com.google.android.gms.internal.ads.zzdsp zza -> a
    com.google.android.gms.internal.ads.zzdsp zza() -> a
com.google.android.gms.internal.ads.zzdsp -> com.google.android.gms.internal.ads.fp1:
    java.lang.Object zzb() -> a
    com.google.android.gms.internal.ads.zzdsp zza() -> b
com.google.android.gms.internal.ads.zzdsq -> com.google.android.gms.internal.ads.gp1:
    int zzb -> b
    java.util.LinkedList zza -> a
    int zzc -> c
    com.google.android.gms.internal.ads.zzdtq zzd -> d
    boolean zza(com.google.android.gms.internal.ads.zzdta) -> a
    com.google.android.gms.internal.ads.zzdta zzb() -> b
    int zzc() -> c
    long zzd() -> d
    long zze() -> e
    int zzf() -> f
    java.lang.String zzg() -> g
    com.google.android.gms.internal.ads.zzdtp zzh() -> h
    void zzi() -> i