build/app/outputs/mapping/release/usage.txt
com.guibson.pixpay.R$string
com.guibson.pixpay.BuildConfig
com.guibson.pixpay.R$styleable
com.guibson.pixpay.R$mipmap
com.guibson.pixpay.R$id
com.guibson.pixpay.R$bool
com.guibson.pixpay.R$attr
com.guibson.pixpay.R$color
com.guibson.pixpay.R$dimen
com.guibson.pixpay.R$integer
com.guibson.pixpay.R$drawable
com.guibson.pixpay.R$layout
com.guibson.pixpay.R
com.guibson.pixpay.R$style
...
kotlin.properties.ReadOnlyProperty
kotlin.jvm.internal.ClassBasedDeclarationContainer
com.google.android.gms.internal.ads.zzabo:
    public void <init>()
    protected final boolean zzbA(int,android.os.Parcel,android.os.Parcel,int)
androidx.core.app.NotificationManagerCompat$NotifyTask
androidx.coordinatorlayout.widget.CoordinatorLayout$Behavior
com.google.android.gms.common.internal.safeparcel.SafeParcelable$Reserved
androidx.fragment.app.ListFragment
androidx.coordinatorlayout.R$style
androidx.viewpager.R$dimen
androidx.coordinatorlayout.widget.CoordinatorLayout$AttachedBehavior
io.flutter.app.FlutterApplication
androidx.loader.content.ModernAsyncTask
androidx.core.view.accessibility.AccessibilityManagerCompat$AccessibilityStateChangeListener
androidx.swiperefreshlayout.R$attr
androidx.core.content.res.GradientColorInflaterCompat$ColorStops
io.flutter.plugins.googlemobileads.AdMessageCodec:
    void <init>(android.content.Context,io.flutter.plugins.googlemobileads.FlutterAdSize$AdSizeFactory)
    private static final byte VALUE_AD_SIZE
    private static final byte VALUE_AD_REQUEST
    private static final byte VALUE_REWARD_ITEM
    private static final byte VALUE_LOAD_AD_ERROR
    private static final byte VALUE_ADMANAGER_AD_REQUEST
    private static final byte VALUE_INITIALIZATION_STATE
    private static final byte VALUE_ADAPTER_STATUS
    private static final byte VALUE_INITIALIZATION_STATUS
    private static final byte VALUE_SERVER_SIDE_VERIFICATION_OPTIONS
    private static final byte VALUE_AD_ERROR
    private static final byte VALUE_RESPONSE_INFO
    private static final byte VALUE_ADAPTER_RESPONSE_INFO
    static final byte VALUE_ANCHORED_ADAPTIVE_BANNER_AD_SIZE
    static final byte VALUE_SMART_BANNER_AD_SIZE
androidx.fragment.R$integer
kotlin.time.TimedValue
androidx.sqlite.db.SupportSQLiteOpenHelper$Callback:
    private static final java.lang.String TAG
com.google.android.gms.internal.ads.zzaal:
    public final java.lang.String zzf()
    public final boolean zzg()
    public final java.lang.String zzh()
    public final void zzi(com.google.android.gms.internal.ads.zzys,int)
androidx.core.graphics.drawable.DrawableCompat
kotlin.sequences.SequencesKt___SequencesKt$filterNotNull$1
com.google.android.gms.internal.consent_sdk.zzcn
com.google.android.gms.common.zzu
kotlin.jvm.internal.SpreadBuilder
androidx.work.impl.utils.StatusRunnable$3
kotlin.UByte
kotlin.annotation.Repeatable
com.google.android.gms.internal.ads.zzall
androidx.viewpager.widget.ViewPager$MyAccessibilityDelegate
androidx.viewpager.R$attr
kotlin.collections.CollectionsKt__ReversedViewsKt
androidx.legacy.coreutils.R$layout
com.google.android.gms.common.zzd
kotlin.sequences.SequencesKt___SequencesKt$filterIndexed$2
com.google.android.gms.common.util.concurrent.zza
kotlin.UByteKt
com.google.android.gms.internal.measurement.zzkp
androidx.legacy.coreutils.R$string
com.google.android.gms.internal.ads.zzajf:
    public final com.google.android.gms.internal.ads.zzaho zza(android.content.Context,android.widget.FrameLayout,android.widget.FrameLayout)
androidx.core.widget.AutoScrollHelper
com.google.android.gms.internal.ads.zzeld:
    static void <clinit>()
    static final synthetic int[] zza
androidx.swiperefreshlayout.R$style
kotlin.coroutines.experimental.intrinsics.IntrinsicsKt__IntrinsicsJvmKt